[INFO ] 2023-06-29 02:46:02.592 [main] UserTests - +++++++++++ User is Creating ++++++++++
[INFO ] 2023-06-29 02:46:06.266 [main] UserTests - +++++++++++ User was Created ++++++++++
[INFO ] 2023-06-29 02:46:06.271 [main] UserTests - +++++++++++ Read Created user and started get method ++++++++++
[INFO ] 2023-06-29 02:46:08.317 [main] UserTests - +++++++++++ Read Created user and correct user got created  ++++++++++
[INFO ] 2023-06-29 02:46:08.319 [main] UserTests - +++++++++++ Updating the User ++++++++++
[INFO ] 2023-06-29 02:46:11.332 [main] UserTests - +++++++++++ Updated the User ++++++++++
[INFO ] 2023-06-29 02:46:11.334 [main] UserTests - +++++++++++ Deleting the User ++++++++++
[INFO ] 2023-06-29 02:46:12.866 [main] UserTests - +++++++++++ Deleted the User ++++++++++
[INFO ] 2023-06-29 22:16:21.856 [main] UserTests2 - +++++++++++ User is Creating ++++++++++
[INFO ] 2023-06-29 22:16:22.673 [main] UserTests2 - +++++++++++ Read Created user and started get method ++++++++++
[INFO ] 2023-06-29 22:16:22.687 [main] UserTests2 - +++++++++++ Updating the User ++++++++++
[INFO ] 2023-06-29 22:16:22.691 [main] UserTests2 - +++++++++++ Deleting the User ++++++++++
[INFO ] 2023-06-29 22:18:31.664 [main] UserTests2 - +++++++++++ User is Creating ++++++++++
[INFO ] 2023-06-29 22:18:32.419 [main] UserTests2 - +++++++++++ Read Created user and started get method ++++++++++
[INFO ] 2023-06-29 22:18:32.430 [main] UserTests2 - +++++++++++ Updating the User ++++++++++
[INFO ] 2023-06-29 22:18:32.434 [main] UserTests2 - +++++++++++ Deleting the User ++++++++++
[INFO ] 2023-06-29 22:22:27.824 [main] UserTests2 - +++++++++++ User is Creating ++++++++++
[INFO ] 2023-06-29 22:22:28.486 [main] UserTests2 - +++++++++++ Read Created user and started get method ++++++++++
[INFO ] 2023-06-29 22:22:28.497 [main] UserTests2 - +++++++++++ Updating the User ++++++++++
[INFO ] 2023-06-29 22:22:28.500 [main] UserTests2 - +++++++++++ Deleting the User ++++++++++
[INFO ] 2023-06-29 22:24:35.890 [main] UserTests2 - +++++++++++ User is Creating ++++++++++
[INFO ] 2023-06-29 22:24:40.325 [main] UserTests2 - +++++++++++ Read Created user and started get method ++++++++++
[INFO ] 2023-06-29 22:24:42.340 [main] UserTests2 - +++++++++++ Updating the User ++++++++++
[INFO ] 2023-06-29 22:24:42.344 [main] UserTests2 - +++++++++++ Deleting the User ++++++++++
[INFO ] 2023-06-29 22:26:11.778 [main] UserTests2 - +++++++++++ User is Creating ++++++++++
[INFO ] 2023-06-29 22:26:15.599 [main] UserTests2 - +++++++++++ Read Created user and started get method ++++++++++
[INFO ] 2023-06-29 22:26:17.584 [main] UserTests2 - +++++++++++ Updating the User ++++++++++
[INFO ] 2023-06-29 22:26:17.587 [main] UserTests2 - +++++++++++ Deleting the User ++++++++++
[INFO ] 2023-06-29 22:26:39.305 [main] UserTests - +++++++++++ User is Creating ++++++++++
[INFO ] 2023-06-29 22:26:43.020 [main] UserTests - +++++++++++ User was Created ++++++++++
[INFO ] 2023-06-29 22:26:43.025 [main] UserTests - +++++++++++ Read Created user and started get method ++++++++++
[INFO ] 2023-06-29 22:26:44.993 [main] UserTests - +++++++++++ Read Created user and correct user got created  ++++++++++
[INFO ] 2023-06-29 22:26:44.995 [main] UserTests - +++++++++++ Updating the User ++++++++++
[INFO ] 2023-06-29 22:26:48.078 [main] UserTests - +++++++++++ Updated the User ++++++++++
[INFO ] 2023-06-29 22:26:48.094 [main] UserTests - +++++++++++ Deleting the User ++++++++++
[INFO ] 2023-06-29 22:26:49.613 [main] UserTests - +++++++++++ Deleted the User ++++++++++
[INFO ] 2023-06-29 22:28:47.314 [main] UserTests2 - +++++++++++ User is Creating ++++++++++
[INFO ] 2023-06-29 22:28:51.047 [main] UserTests2 - +++++++++++ Read Created user and started get method ++++++++++
[INFO ] 2023-06-29 22:28:52.867 [main] UserTests2 - +++++++++++ Updating the User ++++++++++
[INFO ] 2023-06-29 22:28:52.870 [main] UserTests2 - +++++++++++ Deleting the User ++++++++++
[INFO ] 2023-06-29 22:44:23.066 [main] UserTests2 - +++++++++++ User is Creating ++++++++++
[INFO ] 2023-06-29 22:44:26.384 [main] UserTests2 - +++++++++++ Read Created user and started get method ++++++++++
[INFO ] 2023-06-29 22:44:27.915 [main] UserTests2 - +++++++++++ Updating the User ++++++++++
[INFO ] 2023-06-29 22:44:27.918 [main] UserTests2 - +++++++++++ Deleting the User ++++++++++
[INFO ] 2023-06-29 22:46:54.308 [main] UserTests2 - +++++++++++ User is Creating ++++++++++
[INFO ] 2023-06-29 22:46:58.045 [main] UserTests2 - +++++++++++ Read Created user and started get method ++++++++++
[INFO ] 2023-06-29 22:46:59.475 [main] UserTests2 - +++++++++++ Updating the User ++++++++++
[INFO ] 2023-06-29 22:46:59.478 [main] UserTests2 - +++++++++++ Deleting the User ++++++++++
[INFO ] 2023-06-29 22:48:42.587 [main] UserTests2 - +++++++++++ User is Creating ++++++++++
[INFO ] 2023-06-29 22:48:45.917 [main] UserTests2 - +++++++++++ Read Created user and started get method ++++++++++
[INFO ] 2023-06-29 22:48:47.398 [main] UserTests2 - +++++++++++ Updating the User ++++++++++
[INFO ] 2023-06-29 22:48:47.401 [main] UserTests2 - +++++++++++ Deleting the User ++++++++++
[INFO ] 2023-06-29 23:05:43.098 [main] UserTests - +++++++++++ User is Creating ++++++++++
[INFO ] 2023-06-29 23:05:45.444 [main] UserTests - +++++++++++ User was Created ++++++++++
[INFO ] 2023-06-29 23:05:45.447 [main] UserTests - +++++++++++ Read Created user and started get method ++++++++++
[INFO ] 2023-06-29 23:05:47.058 [main] UserTests - +++++++++++ Read Created user and correct user got created  ++++++++++
[INFO ] 2023-06-29 23:05:47.060 [main] UserTests - +++++++++++ Updating the User ++++++++++
[INFO ] 2023-06-29 23:05:49.235 [main] UserTests - +++++++++++ Updated the User ++++++++++
[INFO ] 2023-06-29 23:05:49.237 [main] UserTests - +++++++++++ Deleting the User ++++++++++
[INFO ] 2023-06-29 23:05:50.361 [main] UserTests - +++++++++++ Deleted the User ++++++++++
